{ message: 'Server Started! Express: http://localhost:3000',
  level: 'info',
  timestamp: '2018-09-14T01:00:30.831Z',
  [Symbol(level)]: 'info' }
{ message: 'Server Started! Express: http://localhost:3000',
  level: 'info',
  timestamp: '2018-09-14T01:03:14.943Z',
  [Symbol(level)]: 'info' }
{ message: 'Server Started! Express: http://localhost:3000',
  level: 'info',
  timestamp: '2018-09-14T01:10:55.024Z',
  [Symbol(level)]: 'info' }
{ message: 'Server Started! Express: http://localhost:3000',
  level: 'info',
  timestamp: '2018-09-14T01:14:45.799Z',
  [Symbol(level)]: 'info' }
{ message: 'Server Started! Express: http://localhost:3000',
  level: 'info',
  timestamp: '2018-09-14T01:14:46.365Z',
  [Symbol(level)]: 'info' }
{ message: 'Server Started! Express: http://localhost:3000',
  level: 'info',
  timestamp: '2018-09-14T01:14:55.789Z',
  [Symbol(level)]: 'info' }
{ message: 'Server Started! Express: http://localhost:3000',
  level: 'info',
  timestamp: '2018-09-14T01:15:41.931Z',
  [Symbol(level)]: 'info' }
{ message: 'Server Started! Express: http://localhost:3000',
  level: 'info',
  timestamp: '2018-09-14T01:16:57.212Z',
  [Symbol(level)]: 'info' }
{ message: 'Controllers path: /Users/hil99999/FuseBox/MyFirstMicroservice/controllers',
  level: 'info',
  timestamp: '2018-09-14T01:18:45.607Z',
  [Symbol(level)]: 'info' }
{ message: 'Server Started! Express: http://localhost:3000',
  level: 'info',
  timestamp: '2018-09-14T01:18:45.626Z',
  [Symbol(level)]: 'info' }
{ message: 'Server Started! Express: http://localhost:3000',
  level: 'info',
  timestamp: '2018-09-14T01:23:22.071Z',
  [Symbol(level)]: 'info' }
{ message: 'Server Started! Express: http://localhost:3000',
  level: 'info',
  timestamp: '2018-09-14T01:24:25.782Z',
  [Symbol(level)]: 'info' }
{ message: 'Server Started! Express: http://localhost:3000',
  level: 'info',
  timestamp: '2018-09-14T01:25:00.806Z',
  [Symbol(level)]: 'info' }
{ message: 'Server Started! Express: http://localhost:3000',
  level: 'info',
  timestamp: '2018-09-14T01:25:25.005Z',
  [Symbol(level)]: 'info' }
{ message: 'Server Started! Express: http://localhost:3000',
  level: 'info',
  timestamp: '2018-09-14T01:26:58.510Z',
  [Symbol(level)]: 'info' }
{ message: 'Server Started! Express: http://localhost:3000',
  level: 'info',
  timestamp: '2018-09-14T01:27:32.902Z',
  [Symbol(level)]: 'info' }
{ message: 'Server Started! Express: http://localhost:3000',
  level: 'info',
  timestamp: '2018-09-14T14:26:10.157Z',
  [Symbol(level)]: 'info' }
{ message: 'Server Started! Express: http://localhost:3000',
  level: 'info',
  timestamp: '2018-09-14T20:40:46.806Z',
  [Symbol(level)]: 'info' }
{ message: 'Server Started! Express: http://localhost:3000',
  level: 'info',
  timestamp: '2018-09-14T20:41:16.583Z',
  [Symbol(level)]: 'info' }
{ message: 'Server Started! Express: http://localhost:3000',
  level: 'info',
  timestamp: '2018-09-14T20:41:23.682Z',
  [Symbol(level)]: 'info' }
{ message: 'Server Started! Express: http://localhost:3000',
  level: 'info',
  timestamp: '2018-09-14T20:41:33.850Z',
  [Symbol(level)]: 'info' }
{ message: 'Server Started! Express: http://localhost:3000',
  level: 'info',
  timestamp: '2018-09-14T20:46:27.294Z',
  [Symbol(level)]: 'info' }
{ message: 'Server Started! Express: http://localhost:3000',
  level: 'info',
  timestamp: '2018-09-14T20:47:10.449Z',
  [Symbol(level)]: 'info' }
{ message: 'Server Started! Express: http://localhost:3000',
  level: 'info',
  timestamp: '2018-09-14T20:47:30.093Z',
  [Symbol(level)]: 'info' }
{ message: 'Server Started! Express: http://localhost:3000',
  level: 'info',
  timestamp: '2018-09-14T20:47:44.371Z',
  [Symbol(level)]: 'info' }
{ message: 'Server Started! Express: http://localhost:3000',
  level: 'info',
  timestamp: '2018-09-14T20:51:13.392Z',
  [Symbol(level)]: 'info' }
{ message: '\n      --------------------------------------------------\n       Server Started! Express: http://localhost:3000\n       Health : http://localhost:3000/ping\n       Debugger: http:/[object Object]:3000/?ws=[object Object]:3000&port=5858\n      ------------------------------------------------------\n      ',
  level: 'info',
  timestamp: '2018-09-20T20:30:04.452Z',
  [Symbol(level)]: 'info' }
{ message: '\n      --------------------------------------------------\n       Server Started! Express: http://localhost:3000\n       Health : http://localhost:3000/ping\n       Debugger: http:/:::3000/?ws=:::3000&port=5858\n      ------------------------------------------------------\n      ',
  level: 'info',
  timestamp: '2018-09-20T20:57:05.506Z',
  [Symbol(level)]: 'info' }
{ message: '\n      --------------------------------------------------\n       Server Started! Express: http://localhost:3000\n       Health : http://localhost:3000/ping\n       Debugger: http:/[object Object]:3000/?ws=[object Object]:3000&port=5858\n      ------------------------------------------------------\n      ',
  level: 'info',
  timestamp: '2018-09-20T20:57:43.224Z',
  [Symbol(level)]: 'info' }
{ message: '\n      --------------------------------------------------\n       Server Started! Express: http://localhost:3000\n       Health : http://localhost:3000/ping\n       Debugger: http:/[object Object]:3000/?ws=[object Object]:3000&port=5858\n      ------------------------------------------------------\n      ',
  level: 'info',
  timestamp: '2018-09-20T21:05:53.204Z',
  [Symbol(level)]: 'info' }
{ message: '\n      --------------------------------------------------\n       Server Started! Express: http://localhost:3000\n       Health : http://localhost:3000/ping\n       Debugger: http:/[object Object]:3000/?ws=[object Object]:3000&port=5858\n      ------------------------------------------------------\n      ',
  level: 'info',
  timestamp: '2018-09-20T21:06:19.477Z',
  [Symbol(level)]: 'info' }
{ message: '\n      --------------------------------------------------\n       Server Started! Express: http://localhost:3000\n       Health : http://localhost:3000/ping\n       Debugger: http:/[object Object]:3000/?ws=[object Object]:3000&port=5858\n      ------------------------------------------------------\n      ',
  level: 'info',
  timestamp: '2018-09-20T21:08:45.435Z',
  [Symbol(level)]: 'info' }
{ message: '\n      --------------------------------------------------\n       Server Started! Express: http://localhost:3000\n       Health : http://localhost:3000/ping\n       Debugger: http:/[object Object]:3000/?ws=[object Object]:3000&port=5858\n      ------------------------------------------------------\n      ',
  level: 'info',
  timestamp: '2018-09-21T13:30:13.702Z',
  [Symbol(level)]: 'info' }
{ message: '\n      --------------------------------------------------\n       Server Started! Express: http://localhost:3000\n       Health : http://localhost:3000/ping\n       Debugger: http:/[object Object]:3000/?ws=[object Object]:3000&port=5858\n      ------------------------------------------------------\n      ',
  level: 'info',
  timestamp: '2018-09-21T13:33:25.783Z',
  [Symbol(level)]: 'info' }
{ message: '\n      --------------------------------------------------\n       Server Started! Express: http://localhost:3000\n       Health : http://localhost:3000/ping\n       Debugger: http:/[object Object]:3000/?ws=[object Object]:3000&port=5858\n      ------------------------------------------------------\n      ',
  level: 'info',
  timestamp: '2018-09-21T13:34:39.973Z',
  [Symbol(level)]: 'info' }
{ message: '\n      --------------------------------------------------\n       Server Started! Express: http://localhost:3000\n       Health : http://localhost:3000/ping\n       Debugger: http:/[object Object]:3000/?ws=[object Object]:3000&port=5858\n      ------------------------------------------------------\n      ',
  level: 'info',
  timestamp: '2018-09-21T13:35:05.156Z',
  [Symbol(level)]: 'info' }
{ message: '\n      --------------------------------------------------\n       Server Started! Express: http://localhost:3000\n       Health : http://localhost:3000/ping\n       Debugger: http:/[object Object]:3000/?ws=[object Object]:3000&port=5858\n      ------------------------------------------------------\n      ',
  level: 'info',
  timestamp: '2018-09-21T13:35:24.097Z',
  [Symbol(level)]: 'info' }
{ message: '\n      --------------------------------------------------\n       Server Started! Express: http://localhost:3000\n       Health : http://localhost:3000/ping\n       Debugger: http:/[object Object]:3000/?ws=[object Object]:3000&port=5858\n      ------------------------------------------------------\n      ',
  level: 'info',
  timestamp: '2018-09-21T13:35:58.989Z',
  [Symbol(level)]: 'info' }
{ message: '\n      --------------------------------------------------\n       Server Started! Express: http://localhost:3000\n       Health : http://localhost:3000/ping\n       Debugger: http:/[object Object]:3000/?ws=[object Object]:3000&port=5858\n      ------------------------------------------------------\n      ',
  level: 'info',
  timestamp: '2018-09-21T13:36:12.771Z',
  [Symbol(level)]: 'info' }
{ message: '\n      --------------------------------------------------\n       Server Started! Express: http://localhost:3000\n       Health : http://localhost:3000/ping\n       Debugger: http:/[object Object]:3000/?ws=[object Object]:3000&port=5858\n      ------------------------------------------------------\n      ',
  level: 'info',
  timestamp: '2018-09-21T13:45:09.421Z',
  [Symbol(level)]: 'info' }
{ message: '\n      --------------------------------------------------\n       Server Started! Express: http://localhost:3000\n       Health : http://localhost:3000/ping\n       Debugger: http:/[object Object]:3000/?ws=[object Object]:3000&port=5858\n      ------------------------------------------------------\n      ',
  level: 'info',
  timestamp: '2018-09-21T13:45:16.246Z',
  [Symbol(level)]: 'info' }
{ message: '\n      --------------------------------------------------\n       Server Started! Express: http://localhost:3000\n       Health : http://localhost:3000/ping\n       Debugger: http:/[object Object]:3000/?ws=[object Object]:3000&port=5858\n      ------------------------------------------------------\n      ',
  level: 'info',
  timestamp: '2018-09-21T13:45:34.343Z',
  [Symbol(level)]: 'info' }
{ message: '\n      --------------------------------------------------\n       Server Started! Express: http://localhost:3000\n       Health : http://localhost:3000/ping\n       Debugger: http:/[object Object]:3000/?ws=[object Object]:3000&port=5858\n      ------------------------------------------------------\n      ',
  level: 'info',
  timestamp: '2018-09-21T13:45:48.173Z',
  [Symbol(level)]: 'info' }
{ message: '\n      --------------------------------------------------\n       Server Started! Express: http://localhost:3000\n       Health : http://localhost:3000/ping\n       Debugger: http:/[object Object]:3000/?ws=[object Object]:3000&port=5858\n      ------------------------------------------------------\n      ',
  level: 'info',
  timestamp: '2018-09-21T13:46:49.437Z',
  [Symbol(level)]: 'info' }
{ message: '\n      --------------------------------------------------\n       Server Started! Express: http://localhost:3000\n       Health : http://localhost:3000/ping\n       Debugger: http:/[object Object]:3000/?ws=[object Object]:3000&port=5858\n      ------------------------------------------------------\n      ',
  level: 'info',
  timestamp: '2018-09-21T13:46:49.999Z',
  [Symbol(level)]: 'info' }
{ message: '\n      --------------------------------------------------\n       Server Started! Express: http://localhost:3000\n       Health : http://localhost:3000/ping\n       Debugger: http:/[object Object]:3000/?ws=[object Object]:3000&port=5858\n      ------------------------------------------------------\n      ',
  level: 'info',
  timestamp: '2018-09-21T13:49:31.377Z',
  [Symbol(level)]: 'info' }
{ message: '\n      --------------------------------------------------\n       Server Started! Express: http://localhost:3000\n       Health : http://localhost:3000/ping\n       Debugger: http:/[object Object]:3000/?ws=[object Object]:3000&port=5858\n      ------------------------------------------------------\n      ',
  level: 'info',
  timestamp: '2018-09-21T13:49:42.222Z',
  [Symbol(level)]: 'info' }
{ message: '\n      --------------------------------------------------\n       Server Started! Express: http://localhost:3000\n       Health : http://localhost:3000/ping\n       Debugger: http:/[object Object]:3000/?ws=[object Object]:3000&port=5858\n      ------------------------------------------------------\n      ',
  level: 'info',
  timestamp: '2018-09-21T13:49:46.514Z',
  [Symbol(level)]: 'info' }
{ message: '\n      --------------------------------------------------\n       Server Started! Express: http://localhost:3000\n       Health : http://localhost:3000/ping\n       Debugger: http:/[object Object]:3000/?ws=[object Object]:3000&port=5858\n      ------------------------------------------------------\n      ',
  level: 'info',
  timestamp: '2018-09-21T13:51:41.269Z',
  [Symbol(level)]: 'info' }
{ message: '\n      --------------------------------------------------\n       Server Started! Express: http://localhost:3000\n       Health : http://localhost:3000/ping\n       Debugger: http:/[object Object]:3000/?ws=[object Object]:3000&port=5858\n      ------------------------------------------------------\n      ',
  level: 'info',
  timestamp: '2018-09-21T13:57:50.099Z',
  [Symbol(level)]: 'info' }
{ message: '\n      --------------------------------------------------\n       Server Started! Express: http://localhost:3000\n       Health : http://localhost:3000/ping\n       Debugger: http:/[object Object]:3000/?ws=[object Object]:3000&port=5858\n      ------------------------------------------------------\n      ',
  level: 'info',
  timestamp: '2018-09-21T15:46:07.997Z',
  [Symbol(level)]: 'info' }
{ message: '\n      --------------------------------------------------\n       Server Started! Express: http://localhost:3000\n       Health : http://localhost:3000/ping\n       Debugger: http:/[object Object]:3000/?ws=[object Object]:3000&port=5858\n      ------------------------------------------------------\n      ',
  level: 'info',
  timestamp: '2018-09-21T15:51:54.321Z',
  [Symbol(level)]: 'info' }
{ message: '\n      --------------------------------------------------\n       Server Started! Express: http://localhost:3000\n       Health : http://localhost:3000/ping\n       Debugger: http:/[object Object]:3000/?ws=[object Object]:3000&port=5858\n      ------------------------------------------------------\n      ',
  level: 'info',
  timestamp: '2018-09-21T15:55:25.561Z',
  [Symbol(level)]: 'info' }
{ message: '\n      --------------------------------------------------\n       Server Started! Express: http://localhost:3000\n       Health : http://localhost:3000/ping\n       Debugger: http:/[object Object]:3000/?ws=[object Object]:3000&port=5858\n      ------------------------------------------------------\n      ',
  level: 'info',
  timestamp: '2018-09-21T15:55:31.962Z',
  [Symbol(level)]: 'info' }
{ message: '\n      --------------------------------------------------\n       Server Started! Express: http://localhost:3000\n       Health : http://localhost:3000/ping\n       Debugger: http:/[object Object]:3000/?ws=[object Object]:3000&port=5858\n      ------------------------------------------------------\n      ',
  level: 'info',
  timestamp: '2018-09-21T15:55:32.609Z',
  [Symbol(level)]: 'info' }
{ message: '\n      --------------------------------------------------\n       Server Started! Express: http://localhost:3000\n       Health : http://localhost:3000/ping\n       Debugger: http:/[object Object]:3000/?ws=[object Object]:3000&port=5858\n      ------------------------------------------------------\n      ',
  level: 'info',
  timestamp: '2018-09-21T15:57:13.289Z',
  [Symbol(level)]: 'info' }
{ message: '\n      --------------------------------------------------\n       Server Started! Express: http://localhost:3000\n       Health : http://localhost:3000/ping\n       Debugger: http:/[object Object]:3000/?ws=[object Object]:3000&port=5858\n      ------------------------------------------------------\n      ',
  level: 'info',
  timestamp: '2018-09-21T15:58:27.728Z',
  [Symbol(level)]: 'info' }
{ message: '\n      --------------------------------------------------\n       Server Started! Express: http://localhost:3000\n       Health : http://localhost:3000/ping\n       Debugger: http:/[object Object]:3000/?ws=[object Object]:3000&port=5858\n      ------------------------------------------------------\n      ',
  level: 'info',
  timestamp: '2018-09-21T16:00:11.258Z',
  [Symbol(level)]: 'info' }
{ message: '\n      --------------------------------------------------\n       Server Started! Express: http://localhost:3000\n       Health : http://localhost:3000/ping\n       Debugger: http:/[object Object]:3000/?ws=[object Object]:3000&port=5858\n      ------------------------------------------------------\n      ',
  level: 'info',
  timestamp: '2018-09-21T16:00:43.169Z',
  [Symbol(level)]: 'info' }
{ message: '\n      --------------------------------------------------\n       Server Started! Express: http://localhost:3000\n       Health : http://localhost:3000/ping\n       Debugger: http:/[object Object]:3000/?ws=[object Object]:3000&port=5858\n      ------------------------------------------------------\n      ',
  level: 'info',
  timestamp: '2018-09-21T16:01:11.474Z',
  [Symbol(level)]: 'info' }
{ message: '\n      --------------------------------------------------\n       Server Started! Express: http://localhost:3000\n       Health : http://localhost:3000/ping\n       Debugger: http:/[object Object]:3000/?ws=[object Object]:3000&port=5858\n      ------------------------------------------------------\n      ',
  level: 'info',
  timestamp: '2018-09-21T16:01:20.651Z',
  [Symbol(level)]: 'info' }
{ message: '\n      --------------------------------------------------\n       Server Started! Express: http://localhost:3000\n       Health : http://localhost:3000/ping\n       Debugger: http:/[object Object]:3000/?ws=[object Object]:3000&port=5858\n      ------------------------------------------------------\n      ',
  level: 'info',
  timestamp: '2018-09-21T16:02:16.674Z',
  [Symbol(level)]: 'info' }
{ message: '\n      --------------------------------------------------\n       Server Started! Express: http://localhost:3000\n       Health : http://localhost:3000/ping\n       Debugger: http:/[object Object]:3000/?ws=[object Object]:3000&port=5858\n      ------------------------------------------------------\n      ',
  level: 'info',
  timestamp: '2018-09-21T16:02:29.284Z',
  [Symbol(level)]: 'info' }
{ message: '\n      --------------------------------------------------\n       Server Started! Express: http://localhost:3000\n       Health : http://localhost:3000/ping\n       Debugger: http:/[object Object]:3000/?ws=[object Object]:3000&port=5858\n      ------------------------------------------------------\n      ',
  level: 'info',
  timestamp: '2018-09-21T16:03:13.819Z',
  [Symbol(level)]: 'info' }
{ message: '\n      --------------------------------------------------\n       Server Started! Express: http://localhost:3000\n       Health : http://localhost:3000/ping\n       Debugger: http:/[object Object]:3000/?ws=[object Object]:3000&port=5858\n      ------------------------------------------------------\n      ',
  level: 'info',
  timestamp: '2018-09-21T16:03:33.471Z',
  [Symbol(level)]: 'info' }
{ message: '\n      --------------------------------------------------\n       Server Started! Express: http://localhost:3000\n       Health : http://localhost:3000/ping\n       Debugger: http:/[object Object]:3000/?ws=[object Object]:3000&port=5858\n      ------------------------------------------------------\n      ',
  level: 'info',
  timestamp: '2018-09-21T16:04:06.254Z',
  [Symbol(level)]: 'info' }
{ message: '\n      --------------------------------------------------\n       Server Started! Express: http://localhost:3000\n       Health : http://localhost:3000/ping\n       Debugger: http:/[object Object]:3000/?ws=[object Object]:3000&port=5858\n      ------------------------------------------------------\n      ',
  level: 'info',
  timestamp: '2018-09-21T16:04:23.481Z',
  [Symbol(level)]: 'info' }
{ message: '\n      --------------------------------------------------\n       Server Started! Express: http://localhost:3000\n       Health : http://localhost:3000/ping\n       Debugger: http:/[object Object]:3000/?ws=[object Object]:3000&port=5858\n      ------------------------------------------------------\n      ',
  level: 'info',
  timestamp: '2018-09-21T16:19:08.228Z',
  [Symbol(level)]: 'info' }
{ message: '\n      --------------------------------------------------\n       Server Started! Express: http://localhost:3000\n       Health : http://localhost:3000/ping\n       Debugger: http:/[object Object]:3000/?ws=[object Object]:3000&port=5858\n      ------------------------------------------------------\n      ',
  level: 'info',
  timestamp: '2018-09-21T16:31:40.601Z',
  [Symbol(level)]: 'info' }
